1540850082.405980 client started (8402): version 2.8, socket /private/tmp/tmux-501/default, protocol 8
1540850082.406080 on Darwin 18.0.0 Darwin Kernel Version 18.0.0: Wed Aug 22 20:13:40 PDT 2018; root:xnu-4903.201.2~1/RELEASE_X86_64; libevent 2.1.8-stable (select)
1540850082.406177 socket is /private/tmp/tmux-501/default
1540850082.406221 trying connect
1540850082.406379 add peer 0x7fbd02801000: 6 (0x0)
1540850082.408532 sending message 100 to peer 0x7fbd02801000 (4 bytes)
1540850082.408565 sending message 101 to peer 0x7fbd02801000 (15 bytes)
1540850082.408584 sending message 102 to peer 0x7fbd02801000 (13 bytes)
1540850082.408602 sending message 108 to peer 0x7fbd02801000 (34 bytes)
1540850082.408631 sending message 104 to peer 0x7fbd02801000 (0 bytes)
1540850082.408649 sending message 107 to peer 0x7fbd02801000 (4 bytes)
1540850082.408666 sending message 105 to peer 0x7fbd02801000 (28 bytes)
1540850082.408682 sending message 105 to peer 0x7fbd02801000 (16 bytes)
1540850082.408699 sending message 105 to peer 0x7fbd02801000 (20 bytes)
1540850082.408716 sending message 105 to peer 0x7fbd02801000 (11 bytes)
1540850082.408733 sending message 105 to peer 0x7fbd02801000 (57 bytes)
1540850082.408749 sending message 105 to peer 0x7fbd02801000 (76 bytes)
1540850082.408766 sending message 105 to peer 0x7fbd02801000 (25 bytes)
1540850082.408782 sending message 105 to peer 0x7fbd02801000 (30 bytes)
1540850082.408798 sending message 105 to peer 0x7fbd02801000 (53 bytes)
1540850082.408815 sending message 105 to peer 0x7fbd02801000 (13 bytes)
1540850082.408831 sending message 105 to peer 0x7fbd02801000 (66 bytes)
1540850082.408848 sending message 105 to peer 0x7fbd02801000 (32 bytes)
1540850082.408864 sending message 105 to peer 0x7fbd02801000 (234 bytes)
1540850082.408881 sending message 105 to peer 0x7fbd02801000 (38 bytes)
1540850082.408897 sending message 105 to peer 0x7fbd02801000 (14 bytes)
1540850082.408914 sending message 105 to peer 0x7fbd02801000 (73 bytes)
1540850082.408930 sending message 105 to peer 0x7fbd02801000 (19 bytes)
1540850082.408946 sending message 105 to peer 0x7fbd02801000 (8 bytes)
1540850082.408963 sending message 105 to peer 0x7fbd02801000 (20 bytes)
1540850082.408979 sending message 105 to peer 0x7fbd02801000 (16 bytes)
1540850082.408996 sending message 105 to peer 0x7fbd02801000 (15 bytes)
1540850082.409012 sending message 105 to peer 0x7fbd02801000 (22 bytes)
1540850082.409028 sending message 106 to peer 0x7fbd02801000 (0 bytes)
1540850082.409051 sending message 200 to peer 0x7fbd02801000 (4 bytes)
1540850082.409068 client loop enter
1540850082.413561 peer 0x7fbd02801000 message 207
1540850082.413624 sending message 208 to peer 0x7fbd02801000 (0 bytes)
1540850097.149596 sending message 208 to peer 0x7fbd02801000 (0 bytes)
1540850098.685248 sending message 208 to peer 0x7fbd02801000 (0 bytes)
1540850101.779518 client loop exit
